Started GET "/events" for 127.0.0.1 at 2019-01-27 18:54:50 +0100
  
ActiveRecord::PendingMigrationError (

Migrations are pending. To resolve this issue, run:

        bin/rails db:migrate RAILS_ENV=development

):
  
activerecord (5.2.2) lib/active_record/migration.rb:579:in `check_pending!'
activerecord (5.2.2) lib/active_record/migration.rb:556:in `call'
actionpack (5.2.2) lib/action_dispatch/middleware/callbacks.rb:28:in `block in call'
activesupport (5.2.2) lib/active_support/callbacks.rb:98:in `run_callbacks'
actionpack (5.2.2) lib/action_dispatch/middleware/callbacks.rb:26:in `call'
actionpack (5.2.2) lib/action_dispatch/middleware/executor.rb:14:in `call'
actionpack (5.2.2) lib/action_dispatch/middleware/debug_exceptions.rb:61:in `call'
web-console (3.7.0) lib/web_console/middleware.rb:135:in `call_app'
web-console (3.7.0) lib/web_console/middleware.rb:30:in `block in call'
web-console (3.7.0) lib/web_console/middleware.rb:20:in `catch'
web-console (3.7.0) lib/web_console/middleware.rb:20:in `call'
actionpack (5.2.2) lib/action_dispatch/middleware/show_exceptions.rb:33:in `call'
railties (5.2.2) lib/rails/rack/logger.rb:38:in `call_app'
railties (5.2.2) lib/rails/rack/logger.rb:26:in `block in call'
activesupport (5.2.2) lib/active_support/tagged_logging.rb:71:in `block in tagged'
activesupport (5.2.2) lib/active_support/tagged_logging.rb:28:in `tagged'
activesupport (5.2.2) lib/active_support/tagged_logging.rb:71:in `tagged'
railties (5.2.2) lib/rails/rack/logger.rb:26:in `call'
sprockets-rails (3.2.1) lib/sprockets/rails/quiet_assets.rb:13:in `call'
actionpack (5.2.2) lib/action_dispatch/middleware/remote_ip.rb:81:in `call'
actionpack (5.2.2) lib/action_dispatch/middleware/request_id.rb:27:in `call'
rack (2.0.6) lib/rack/method_override.rb:22:in `call'
rack (2.0.6) lib/rack/runtime.rb:22:in `call'
activesupport (5.2.2) lib/active_support/cache/strategy/local_cache_middleware.rb:29:in `call'
actionpack (5.2.2) lib/action_dispatch/middleware/executor.rb:14:in `call'
actionpack (5.2.2) lib/action_dispatch/middleware/static.rb:127:in `call'
rack (2.0.6) lib/rack/sendfile.rb:111:in `call'
railties (5.2.2) lib/rails/engine.rb:524:in `call'
puma (3.12.0) lib/puma/configuration.rb:225:in `call'
puma (3.12.0) lib/puma/server.rb:658:in `handle_request'
puma (3.12.0) lib/puma/server.rb:472:in `process_client'
puma (3.12.0) lib/puma/server.rb:332:in `block in run'
puma (3.12.0) lib/puma/thread_pool.rb:133:in `block in spawn_thread'
  [1m[35m (0.1ms)[0m  [1m[34mSELECT sqlite_version(*)[0m
  ↳ /usr/local/bin/rake:23
  [1m[35m (8.7ms)[0m  [1m[35mCREATE TABLE "schema_migrations" ("version" varchar NOT NULL PRIMARY KEY)[0m
  ↳ /usr/local/bin/rake:23
  [1m[35m (9.4ms)[0m  [1m[35mCREATE TABLE "ar_internal_metadata" ("key" varchar NOT NULL PRIMARY KEY, "value" varchar, "created_at" datetime NOT NULL, "updated_at" datetime NOT NULL)[0m
  ↳ /usr/local/bin/rake:23
  [1m[35m (0.1ms)[0m  [1m[34mSELECT "schema_migrations"."version" FROM "schema_migrations" ORDER BY "schema_migrations"."version" ASC[0m
  ↳ /usr/local/bin/rake:23
Migrating to CreateTickets (20190114103447)
  [1m[35m (0.0ms)[0m  [1m[36mbegin transaction[0m
  ↳ /usr/local/bin/rake:23
  [1m[35m (0.2ms)[0m  [1m[35mCREATE TABLE "tickets" ("id" integer PRIMARY KEY AUTOINCREMENT NOT NULL, "name" varchar, "address" text, "price" decimal, "email_address" varchar, "seat_id_seq" varchar, "created_at" datetime NOT NULL, "updated_at" datetime NOT NULL)[0m
  ↳ db/migrate/20190114103447_create_tickets.rb:3
  [1m[36mActiveRecord::SchemaMigration Create (0.1ms)[0m  [1m[32mINSERT INTO "schema_migrations" ("version") VALUES (?)[0m  [["version", "20190114103447"]]
  ↳ /usr/local/bin/rake:23
  [1m[35m (7.6ms)[0m  [1m[36mcommit transaction[0m
  ↳ /usr/local/bin/rake:23
Migrating to AddPhoneToTickets (20190121112532)
  [1m[35m (0.3ms)[0m  [1m[36mbegin transaction[0m
  ↳ /usr/local/bin/rake:23
  [1m[35m (1.1ms)[0m  [1m[35mALTER TABLE "tickets" ADD "phone" varchar[0m
  ↳ db/migrate/20190121112532_add_phone_to_tickets.rb:3
  [1m[36mActiveRecord::SchemaMigration Create (0.5ms)[0m  [1m[32mINSERT INTO "schema_migrations" ("version") VALUES (?)[0m  [["version", "20190121112532"]]
  ↳ /usr/local/bin/rake:23
  [1m[35m (8.3ms)[0m  [1m[36mcommit transaction[0m
  ↳ /usr/local/bin/rake:23
Migrating to CreateEvents (20190122035753)
  [1m[35m (0.1ms)[0m  [1m[36mbegin transaction[0m
  ↳ /usr/local/bin/rake:23
  [1m[35m (0.3ms)[0m  [1m[35mCREATE TABLE "events" ("id" integer PRIMARY KEY AUTOINCREMENT NOT NULL, "artist" varchar, "description" text, "price_low" decimal, "price_high" decimal, "event_date" date, "created_at" datetime NOT NULL, "updated_at" datetime NOT NULL)[0m
  ↳ db/migrate/20190122035753_create_events.rb:3
  [1m[36mActiveRecord::SchemaMigration Create (0.1ms)[0m  [1m[32mINSERT INTO "schema_migrations" ("version") VALUES (?)[0m  [["version", "20190122035753"]]
  ↳ /usr/local/bin/rake:23
  [1m[35m (6.8ms)[0m  [1m[36mcommit transaction[0m
  ↳ /usr/local/bin/rake:23
Migrating to AddEventToTicket (20190126123400)
  [1m[35m (0.1ms)[0m  [1m[36mbegin transaction[0m
  ↳ /usr/local/bin/rake:23
  [1m[35m (0.2ms)[0m  [1m[35mALTER TABLE "tickets" ADD "event_id" integer[0m
  ↳ db/migrate/20190126123400_add_event_to_ticket.rb:3
  [1m[35m (0.1ms)[0m  [1m[35mCREATE  INDEX "index_tickets_on_event_id" ON "tickets" ("event_id")[0m
  ↳ db/migrate/20190126123400_add_event_to_ticket.rb:3
  [1m[36mActiveRecord::SchemaMigration Create (0.1ms)[0m  [1m[32mINSERT INTO "schema_migrations" ("version") VALUES (?)[0m  [["version", "20190126123400"]]
  ↳ /usr/local/bin/rake:23
  [1m[35m (9.7ms)[0m  [1m[36mcommit transaction[0m
  ↳ /usr/local/bin/rake:23
Migrating to DeviseCreateUsers (20190127132828)
  [1m[35m (0.1ms)[0m  [1m[36mbegin transaction[0m
  ↳ /usr/local/bin/rake:23
  [1m[35m (0.3ms)[0m  [1m[35mCREATE TABLE "users" ("id" integer PRIMARY KEY AUTOINCREMENT NOT NULL, "email" varchar DEFAULT '' NOT NULL, "encrypted_password" varchar DEFAULT '' NOT NULL, "reset_password_token" varchar, "reset_password_sent_at" datetime, "remember_created_at" datetime, "created_at" datetime NOT NULL, "updated_at" datetime NOT NULL)[0m
  ↳ db/migrate/20190127132828_devise_create_users.rb:5
  [1m[35m (0.1ms)[0m  [1m[35mCREATE UNIQUE INDEX "index_users_on_email" ON "users" ("email")[0m
  ↳ db/migrate/20190127132828_devise_create_users.rb:39
  [1m[35m (0.1ms)[0m  [1m[35mCREATE UNIQUE INDEX "index_users_on_reset_password_token" ON "users" ("reset_password_token")[0m
  ↳ db/migrate/20190127132828_devise_create_users.rb:40
  [1m[36mActiveRecord::SchemaMigration Create (0.1ms)[0m  [1m[32mINSERT INTO "schema_migrations" ("version") VALUES (?)[0m  [["version", "20190127132828"]]
  ↳ /usr/local/bin/rake:23
  [1m[35m (7.4ms)[0m  [1m[36mcommit transaction[0m
  ↳ /usr/local/bin/rake:23
  [1m[36mActiveRecord::InternalMetadata Load (0.1ms)[0m  [1m[34mSELECT  "ar_internal_metadata".* FROM "ar_internal_metadata" WHERE "ar_internal_metadata"."key" = ? LIMIT ?[0m  [["key", "environment"], ["LIMIT", 1]]
  ↳ /usr/local/bin/rake:23
  [1m[35m (0.0ms)[0m  [1m[36mbegin transaction[0m
  ↳ /usr/local/bin/rake:23
  [1m[36mActiveRecord::InternalMetadata Create (0.2ms)[0m  [1m[32mINSERT INTO "ar_internal_metadata" ("key", "value", "created_at", "updated_at") VALUES (?, ?, ?, ?)[0m  [["key", "environment"], ["value", "development"], ["created_at", "2019-01-27 17:55:07.595086"], ["updated_at", "2019-01-27 17:55:07.595086"]]
  ↳ /usr/local/bin/rake:23
  [1m[35m (7.4ms)[0m  [1m[36mcommit transaction[0m
  ↳ /usr/local/bin/rake:23
  [1m[35m (0.1ms)[0m  [1m[34mSELECT "schema_migrations"."version" FROM "schema_migrations" ORDER BY "schema_migrations"."version" ASC[0m
  ↳ /usr/local/bin/rake:23
Started GET "/events" for 127.0.0.1 at 2019-01-27 18:55:09 +0100
  [1m[35m (0.1ms)[0m  [1m[34mSELECT "schema_migrations"."version" FROM "schema_migrations" ORDER BY "schema_migrations"."version" ASC[0m
  ↳ /var/lib/gems/2.5.0/gems/activerecord-5.2.2/lib/active_record/log_subscriber.rb:98
Processing by EventsController#index as HTML
  Rendering events/index.html.erb within layouts/application
  [1m[36mEvent Load (0.1ms)[0m  [1m[34mSELECT "events".* FROM "events"[0m
  ↳ app/views/events/index.html.erb:3
  Rendered events/index.html.erb within layouts/application (1.8ms)
Completed 200 OK in 3348ms (Views: 3338.2ms | ActiveRecord: 0.4ms)


Started GET "/events/new" for 127.0.0.1 at 2019-01-27 18:55:16 +0100
Processing by EventsController#new as HTML
Filter chain halted as :check_logged_in rendered or redirected
Completed 401 Unauthorized in 1ms (ActiveRecord: 0.0ms)


Started GET "/events/new" for 127.0.0.1 at 2019-01-27 18:55:19 +0100
Processing by EventsController#new as HTML
  Rendering events/new.html.erb within layouts/application
  Rendered events/_form.html.erb (21.7ms)
  Rendered events/new.html.erb within layouts/application (22.9ms)
Completed 200 OK in 74ms (Views: 59.5ms | ActiveRecord: 1.7ms)


Started POST "/events" for 127.0.0.1 at 2019-01-27 18:55:29 +0100
Processing by EventsController#create as HTML
  Parameters: {"utf8"=>"✓", "authenticity_token"=>"iJ9ggTtnb+Izfmpu7qIxmAWUtWG9Wku6QHdrhMe3/+xqd5wosLzm294LdzpHZaeBIY5Ieh2GgAwUDUq59JwBUw==", "event"=>{"artist"=>"Majka Jeżowska", "description"=>"", "price_low"=>"10", "price_high"=>"100", "event_date"=>"2019-01-25"}, "commit"=>"Create Event"}
Filter chain halted as :check_logged_in rendered or redirected
Completed 401 Unauthorized in 1ms (ActiveRecord: 0.0ms)


Started POST "/events" for 127.0.0.1 at 2019-01-27 18:55:29 +0100
Processing by EventsController#create as HTML
  Parameters: {"utf8"=>"✓", "authenticity_token"=>"iJ9ggTtnb+Izfmpu7qIxmAWUtWG9Wku6QHdrhMe3/+xqd5wosLzm294LdzpHZaeBIY5Ieh2GgAwUDUq59JwBUw==", "event"=>{"artist"=>"Majka Jeżowska", "description"=>"", "price_low"=>"10", "price_high"=>"100", "event_date"=>"2019-01-25"}, "commit"=>"Create Event"}
  [1m[35m (0.1ms)[0m  [1m[36mbegin transaction[0m
  ↳ app/controllers/events_controller.rb:18
  [1m[35m (0.0ms)[0m  [1m[31mrollback transaction[0m
  ↳ app/controllers/events_controller.rb:18
  Rendering events/new.html.erb within layouts/application
  Rendered events/_form.html.erb (3.0ms)
  Rendered events/new.html.erb within layouts/application (3.8ms)
Completed 200 OK in 42ms (Views: 39.5ms | ActiveRecord: 0.1ms)


Started POST "/events" for 127.0.0.1 at 2019-01-27 18:55:32 +0100
Processing by EventsController#create as HTML
  Parameters: {"utf8"=>"✓", "authenticity_token"=>"H7QW4aeTakKyD82ea9YxjRTpu8B+rWs9UqBRLKACS7PvPOyITMcxnRI6V9wC/s2gMEXX553g9e0eWr9sfRWONA==", "event"=>{"artist"=>"Majka Jeżowska", "description"=>"", "price_low"=>"10", "price_high"=>"100", "event_date"=>"2019-01-31"}, "commit"=>"Create Event"}
  [1m[35m (0.1ms)[0m  [1m[36mbegin transaction[0m
  ↳ app/controllers/events_controller.rb:18
  [1m[36mEvent Create (0.6ms)[0m  [1m[32mINSERT INTO "events" ("artist", "description", "price_low", "price_high", "event_date", "created_at", "updated_at") VALUES (?, ?, ?, ?, ?, ?, ?)[0m  [["artist", "Majka Jeżowska"], ["description", ""], ["price_low", 10.0], ["price_high", 100.0], ["event_date", "2019-01-31"], ["created_at", "2019-01-27 17:55:32.747057"], ["updated_at", "2019-01-27 17:55:32.747057"]]
  ↳ app/controllers/events_controller.rb:18
  [1m[35m (7.3ms)[0m  [1m[36mcommit transaction[0m
  ↳ app/controllers/events_controller.rb:18
Redirected to http://localhost:3000/events/1
Completed 302 Found in 12ms (ActiveRecord: 8.0ms)


Started GET "/events/1" for 127.0.0.1 at 2019-01-27 18:55:32 +0100
Processing by EventsController#show as HTML
  Parameters: {"id"=>"1"}
  [1m[36mEvent Load (0.2ms)[0m  [1m[34mSELECT  "events".* FROM "events" WHERE "events"."id" = ? LIMIT ?[0m  [["id", 1], ["LIMIT", 1]]
  ↳ app/controllers/events_controller.rb:28
  Rendering events/show.html.erb within layouts/application
  Rendered tickets/_form.html.erb (3.7ms)
  [1m[36mTicket Load (0.2ms)[0m  [1m[34mSELECT "tickets".* FROM "tickets" WHERE "tickets"."event_id" = ?[0m  [["event_id", 1]]
  ↳ app/views/tickets/_showall.html.erb:17
  Rendered tickets/_showall.html.erb (3.5ms)
  Rendered events/show.html.erb within layouts/application (23.1ms)
Completed 200 OK in 62ms (Views: 59.2ms | ActiveRecord: 0.9ms)


  [1m[35m (0.1ms)[0m  [1m[34mSELECT "schema_migrations"."version" FROM "schema_migrations" ORDER BY "schema_migrations"."version" ASC[0m
  ↳ /usr/local/bin/rake:23
Migrating to AddUserToTicket (20190127175653)
  [1m[35m (0.0ms)[0m  [1m[36mbegin transaction[0m
  ↳ /usr/local/bin/rake:23
  [1m[35m (0.2ms)[0m  [1m[35mALTER TABLE "tickets" ADD "user_id" integer[0m
  ↳ db/migrate/20190127175653_add_user_to_ticket.rb:3
  [1m[35m (0.0ms)[0m  [1m[34mSELECT sqlite_version(*)[0m
  ↳ db/migrate/20190127175653_add_user_to_ticket.rb:3
  [1m[35m (0.1ms)[0m  [1m[35mCREATE  INDEX "index_tickets_on_user_id" ON "tickets" ("user_id")[0m
  ↳ db/migrate/20190127175653_add_user_to_ticket.rb:3
  [1m[36mActiveRecord::SchemaMigration Create (0.1ms)[0m  [1m[32mINSERT INTO "schema_migrations" ("version") VALUES (?)[0m  [["version", "20190127175653"]]
  ↳ /usr/local/bin/rake:23
  [1m[35m (9.6ms)[0m  [1m[36mcommit transaction[0m
  ↳ /usr/local/bin/rake:23
  [1m[36mActiveRecord::InternalMetadata Load (0.1ms)[0m  [1m[34mSELECT  "ar_internal_metadata".* FROM "ar_internal_metadata" WHERE "ar_internal_metadata"."key" = ? LIMIT ?[0m  [["key", "environment"], ["LIMIT", 1]]
  ↳ /usr/local/bin/rake:23
  [1m[35m (0.0ms)[0m  [1m[36mbegin transaction[0m
  ↳ /usr/local/bin/rake:23
  [1m[35m (0.0ms)[0m  [1m[36mcommit transaction[0m
  ↳ /usr/local/bin/rake:23
  [1m[35m (0.1ms)[0m  [1m[34mSELECT "schema_migrations"."version" FROM "schema_migrations" ORDER BY "schema_migrations"."version" ASC[0m
  ↳ /usr/local/bin/rake:23
Started GET "/tickets" for 127.0.0.1 at 2019-01-27 18:58:23 +0100
  [1m[35m (0.1ms)[0m  [1m[34mSELECT "schema_migrations"."version" FROM "schema_migrations" ORDER BY "schema_migrations"."version" ASC[0m
  ↳ /var/lib/gems/2.5.0/gems/activerecord-5.2.2/lib/active_record/log_subscriber.rb:98
Processing by TicketsController#index as HTML
  Rendering tickets/index.html.erb within layouts/application
  [1m[36mTicket Load (0.2ms)[0m  [1m[34mSELECT "tickets".* FROM "tickets"[0m
  ↳ app/views/tickets/_showall.html.erb:17
  Rendered tickets/_showall.html.erb (2.7ms)
  Rendered tickets/index.html.erb within layouts/application (3.6ms)
Completed 200 OK in 35ms (Views: 31.7ms | ActiveRecord: 0.4ms)


Started GET "/tickets/new" for 127.0.0.1 at 2019-01-27 19:01:32 +0100
Processing by TicketsController#new as HTML
  Rendering tickets/new.html.erb within layouts/application
  Rendered tickets/_form.html.erb (3.0ms)
  [1m[36mEvent Load (0.1ms)[0m  [1m[34mSELECT "events".* FROM "events"[0m
  ↳ app/views/events/_showall.html.erb:17
  Rendered events/_showall.html.erb (7.2ms)
  Rendered tickets/new.html.erb within layouts/application (20.8ms)
Completed 200 OK in 62ms (Views: 51.4ms | ActiveRecord: 1.0ms)


Started GET "/tickets/new" for 127.0.0.1 at 2019-01-27 19:01:57 +0100
Processing by TicketsController#new as HTML
Completed 401 Unauthorized in 4ms (ActiveRecord: 0.0ms)


Started GET "/users/sign_in" for 127.0.0.1 at 2019-01-27 19:01:57 +0100
Processing by Devise::SessionsController#new as HTML
  Rendering devise/sessions/new.html.erb within layouts/application
  Rendered devise/shared/_links.html.erb (1.1ms)
  Rendered devise/sessions/new.html.erb within layouts/application (6.6ms)
Completed 200 OK in 47ms (Views: 38.4ms | ActiveRecord: 0.8ms)


Started POST "/users/sign_in" for 127.0.0.1 at 2019-01-27 19:06:04 +0100
Processing by Devise::SessionsController#create as HTML
  Parameters: {"utf8"=>"✓", "authenticity_token"=>"y9IhoGL6H+ymTBgzWjpazWhiCj/Ryd0p01vtjZmfaTU7WtvJia5EMwZ5gnEzEqbgTM5mGDKEQ/mfoQPNRIissg==", "user"=>{"email"=>"basistamarcin@gmail.com", "password"=>"[FILTERED]", "remember_me"=>"1"}, "commit"=>"Log in"}
  [1m[36mUser Load (0.1ms)[0m  [1m[34mSELECT  "users".* FROM "users" WHERE "users"."email" = ? ORDER BY "users"."id" ASC LIMIT ?[0m  [["email", "basistamarcin@gmail.com"], ["LIMIT", 1]]
  ↳ /var/lib/gems/2.5.0/gems/activerecord-5.2.2/lib/active_record/log_subscriber.rb:98
Completed 401 Unauthorized in 5ms (ActiveRecord: 0.8ms)


Processing by Devise::SessionsController#new as HTML
  Parameters: {"utf8"=>"✓", "authenticity_token"=>"y9IhoGL6H+ymTBgzWjpazWhiCj/Ryd0p01vtjZmfaTU7WtvJia5EMwZ5gnEzEqbgTM5mGDKEQ/mfoQPNRIissg==", "user"=>{"email"=>"basistamarcin@gmail.com", "password"=>"[FILTERED]", "remember_me"=>"1"}, "commit"=>"Log in"}
  Rendering devise/sessions/new.html.erb within layouts/application
  Rendered devise/shared/_links.html.erb (1.2ms)
  Rendered devise/sessions/new.html.erb within layouts/application (5.3ms)
Completed 200 OK in 178ms (Views: 42.8ms | ActiveRecord: 0.0ms)


Started GET "/users/password/new" for 127.0.0.1 at 2019-01-27 19:06:05 +0100
Processing by Devise::PasswordsController#new as HTML
  Rendering devise/passwords/new.html.erb within layouts/application
  Rendered devise/shared/_links.html.erb (0.8ms)
  Rendered devise/passwords/new.html.erb within layouts/application (2.7ms)
Completed 200 OK in 40ms (Views: 38.8ms | ActiveRecord: 0.0ms)


Started GET "/users/sign_up" for 127.0.0.1 at 2019-01-27 19:06:06 +0100
Processing by Devise::RegistrationsController#new as HTML
  Rendering devise/registrations/new.html.erb within layouts/application
  Rendered devise/shared/_links.html.erb (1.1ms)
  Rendered devise/registrations/new.html.erb within layouts/application (5.0ms)
Completed 200 OK in 48ms (Views: 46.5ms | ActiveRecord: 0.0ms)


Started POST "/users/sign_up.user" for 127.0.0.1 at 2019-01-27 19:06:12 +0100
  
ActionController::RoutingError (No route matches [POST] "/users/sign_up.user"):
  
actionpack (5.2.2) lib/action_dispatch/middleware/debug_exceptions.rb:65:in `call'
web-console (3.7.0) lib/web_console/middleware.rb:135:in `call_app'
web-console (3.7.0) lib/web_console/middleware.rb:30:in `block in call'
web-console (3.7.0) lib/web_console/middleware.rb:20:in `catch'
web-console (3.7.0) lib/web_console/middleware.rb:20:in `call'
actionpack (5.2.2) lib/action_dispatch/middleware/show_exceptions.rb:33:in `call'
railties (5.2.2) lib/rails/rack/logger.rb:38:in `call_app'
railties (5.2.2) lib/rails/rack/logger.rb:26:in `block in call'
activesupport (5.2.2) lib/active_support/tagged_logging.rb:71:in `block in tagged'
activesupport (5.2.2) lib/active_support/tagged_logging.rb:28:in `tagged'
activesupport (5.2.2) lib/active_support/tagged_logging.rb:71:in `tagged'
railties (5.2.2) lib/rails/rack/logger.rb:26:in `call'
sprockets-rails (3.2.1) lib/sprockets/rails/quiet_assets.rb:13:in `call'
actionpack (5.2.2) lib/action_dispatch/middleware/remote_ip.rb:81:in `call'
actionpack (5.2.2) lib/action_dispatch/middleware/request_id.rb:27:in `call'
rack (2.0.6) lib/rack/method_override.rb:22:in `call'
rack (2.0.6) lib/rack/runtime.rb:22:in `call'
activesupport (5.2.2) lib/active_support/cache/strategy/local_cache_middleware.rb:29:in `call'
actionpack (5.2.2) lib/action_dispatch/middleware/executor.rb:14:in `call'
actionpack (5.2.2) lib/action_dispatch/middleware/static.rb:127:in `call'
rack (2.0.6) lib/rack/sendfile.rb:111:in `call'
railties (5.2.2) lib/rails/engine.rb:524:in `call'
puma (3.12.0) lib/puma/configuration.rb:225:in `call'
puma (3.12.0) lib/puma/server.rb:658:in `handle_request'
puma (3.12.0) lib/puma/server.rb:472:in `process_client'
puma (3.12.0) lib/puma/server.rb:332:in `block in run'
puma (3.12.0) lib/puma/thread_pool.rb:133:in `block in spawn_thread'
Started POST "/users/sign_up.user" for 127.0.0.1 at 2019-01-27 19:07:30 +0100
  
ActionController::RoutingError (No route matches [POST] "/users/sign_up.user"):
  
actionpack (5.2.2) lib/action_dispatch/middleware/debug_exceptions.rb:65:in `call'
web-console (3.7.0) lib/web_console/middleware.rb:135:in `call_app'
web-console (3.7.0) lib/web_console/middleware.rb:30:in `block in call'
web-console (3.7.0) lib/web_console/middleware.rb:20:in `catch'
web-console (3.7.0) lib/web_console/middleware.rb:20:in `call'
actionpack (5.2.2) lib/action_dispatch/middleware/show_exceptions.rb:33:in `call'
railties (5.2.2) lib/rails/rack/logger.rb:38:in `call_app'
railties (5.2.2) lib/rails/rack/logger.rb:26:in `block in call'
activesupport (5.2.2) lib/active_support/tagged_logging.rb:71:in `block in tagged'
activesupport (5.2.2) lib/active_support/tagged_logging.rb:28:in `tagged'
activesupport (5.2.2) lib/active_support/tagged_logging.rb:71:in `tagged'
railties (5.2.2) lib/rails/rack/logger.rb:26:in `call'
sprockets-rails (3.2.1) lib/sprockets/rails/quiet_assets.rb:13:in `call'
actionpack (5.2.2) lib/action_dispatch/middleware/remote_ip.rb:81:in `call'
actionpack (5.2.2) lib/action_dispatch/middleware/request_id.rb:27:in `call'
rack (2.0.6) lib/rack/method_override.rb:22:in `call'
rack (2.0.6) lib/rack/runtime.rb:22:in `call'
activesupport (5.2.2) lib/active_support/cache/strategy/local_cache_middleware.rb:29:in `call'
actionpack (5.2.2) lib/action_dispatch/middleware/executor.rb:14:in `call'
actionpack (5.2.2) lib/action_dispatch/middleware/static.rb:127:in `call'
rack (2.0.6) lib/rack/sendfile.rb:111:in `call'
railties (5.2.2) lib/rails/engine.rb:524:in `call'
puma (3.12.0) lib/puma/configuration.rb:225:in `call'
puma (3.12.0) lib/puma/server.rb:658:in `handle_request'
puma (3.12.0) lib/puma/server.rb:472:in `process_client'
puma (3.12.0) lib/puma/server.rb:332:in `block in run'
puma (3.12.0) lib/puma/thread_pool.rb:133:in `block in spawn_thread'
Started POST "/users/sign_up.user" for 127.0.0.1 at 2019-01-27 19:08:29 +0100
  [1m[35m (0.1ms)[0m  [1m[34mSELECT "schema_migrations"."version" FROM "schema_migrations" ORDER BY "schema_migrations"."version" ASC[0m
  ↳ /var/lib/gems/2.5.0/gems/activerecord-5.2.2/lib/active_record/log_subscriber.rb:98
  
ActionController::RoutingError (No route matches [POST] "/users/sign_up.user"):
  
actionpack (5.2.2) lib/action_dispatch/middleware/debug_exceptions.rb:65:in `call'
web-console (3.7.0) lib/web_console/middleware.rb:135:in `call_app'
web-console (3.7.0) lib/web_console/middleware.rb:30:in `block in call'
web-console (3.7.0) lib/web_console/middleware.rb:20:in `catch'
web-console (3.7.0) lib/web_console/middleware.rb:20:in `call'
actionpack (5.2.2) lib/action_dispatch/middleware/show_exceptions.rb:33:in `call'
railties (5.2.2) lib/rails/rack/logger.rb:38:in `call_app'
railties (5.2.2) lib/rails/rack/logger.rb:26:in `block in call'
activesupport (5.2.2) lib/active_support/tagged_logging.rb:71:in `block in tagged'
activesupport (5.2.2) lib/active_support/tagged_logging.rb:28:in `tagged'
activesupport (5.2.2) lib/active_support/tagged_logging.rb:71:in `tagged'
railties (5.2.2) lib/rails/rack/logger.rb:26:in `call'
sprockets-rails (3.2.1) lib/sprockets/rails/quiet_assets.rb:13:in `call'
actionpack (5.2.2) lib/action_dispatch/middleware/remote_ip.rb:81:in `call'
actionpack (5.2.2) lib/action_dispatch/middleware/request_id.rb:27:in `call'
rack (2.0.6) lib/rack/method_override.rb:22:in `call'
rack (2.0.6) lib/rack/runtime.rb:22:in `call'
activesupport (5.2.2) lib/active_support/cache/strategy/local_cache_middleware.rb:29:in `call'
actionpack (5.2.2) lib/action_dispatch/middleware/executor.rb:14:in `call'
actionpack (5.2.2) lib/action_dispatch/middleware/static.rb:127:in `call'
rack (2.0.6) lib/rack/sendfile.rb:111:in `call'
railties (5.2.2) lib/rails/engine.rb:524:in `call'
puma (3.12.0) lib/puma/configuration.rb:225:in `call'
puma (3.12.0) lib/puma/server.rb:658:in `handle_request'
puma (3.12.0) lib/puma/server.rb:472:in `process_client'
puma (3.12.0) lib/puma/server.rb:332:in `block in run'
puma (3.12.0) lib/puma/thread_pool.rb:133:in `block in spawn_thread'
Started GET "/users/sign_up" for 127.0.0.1 at 2019-01-27 20:16:47 +0100
  [1m[35m (0.1ms)[0m  [1m[34mSELECT "schema_migrations"."version" FROM "schema_migrations" ORDER BY "schema_migrations"."version" ASC[0m
  ↳ /var/lib/gems/2.5.0/gems/activerecord-5.2.2/lib/active_record/log_subscriber.rb:98
Processing by Devise::RegistrationsController#new as HTML
  Rendering devise/registrations/new.html.erb within layouts/application
  Rendered devise/shared/_links.html.erb (0.7ms)
  Rendered devise/registrations/new.html.erb within layouts/application (6.2ms)
Completed 200 OK in 208ms (Views: 194.4ms | ActiveRecord: 0.4ms)


Started POST "/users" for 127.0.0.1 at 2019-01-27 20:16:55 +0100
Processing by Devise::RegistrationsController#create as HTML
  Parameters: {"utf8"=>"✓", "authenticity_token"=>"mgPAkS2P2Y8U8Zh1sA6z/R+EcxLLryhdMeovr2MzSH9qizr4xtuCULTEAjfZJk/QOygfNSjito19EMHvviSN+A==", "user"=>{"email"=>"basistamarcin@gmail.com", "password"=>"[FILTERED]", "password_confirmation"=>"[FILTERED]"}, "commit"=>"Sign up"}
  [1m[35m (0.1ms)[0m  [1m[36mbegin transaction[0m
  ↳ /var/lib/gems/2.5.0/gems/activerecord-5.2.2/lib/active_record/log_subscriber.rb:98
  [1m[36mUser Exists (0.1ms)[0m  [1m[34mSELECT  1 AS one FROM "users" WHERE "users"."email" = ? LIMIT ?[0m  [["email", "basistamarcin@gmail.com"], ["LIMIT", 1]]
  ↳ /var/lib/gems/2.5.0/gems/activerecord-5.2.2/lib/active_record/log_subscriber.rb:98
  [1m[36mUser Create (0.3ms)[0m  [1m[32mINSERT INTO "users" ("email", "encrypted_password", "created_at", "updated_at") VALUES (?, ?, ?, ?)[0m  [["email", "basistamarcin@gmail.com"], ["encrypted_password", "$2a$11$1DodKu4CC3vR/..f8JFzWOUn/I1YOYvEC84q.1uAkIVflFLm7QXyu"], ["created_at", "2019-01-27 19:16:55.231294"], ["updated_at", "2019-01-27 19:16:55.231294"]]
  ↳ /var/lib/gems/2.5.0/gems/activerecord-5.2.2/lib/active_record/log_subscriber.rb:98
  [1m[35m (8.8ms)[0m  [1m[36mcommit transaction[0m
  ↳ /var/lib/gems/2.5.0/gems/activerecord-5.2.2/lib/active_record/log_subscriber.rb:98
Redirected to http://localhost:3000/tickets/new
Completed 302 Found in 146ms (ActiveRecord: 9.2ms)


Started GET "/tickets/new" for 127.0.0.1 at 2019-01-27 20:16:55 +0100
Processing by TicketsController#new as HTML
  [1m[36mUser Load (0.2ms)[0m  [1m[34mSELECT  "users".* FROM "users" WHERE "users"."id" = ? ORDER BY "users"."id" ASC LIMIT ?[0m  [["id", 1], ["LIMIT", 1]]
  ↳ /var/lib/gems/2.5.0/gems/activerecord-5.2.2/lib/active_record/log_subscriber.rb:98
Completed 500 Internal Server Error in 5ms (ActiveRecord: 0.2ms)


  
NoMethodError (undefined method `id' for nil:NilClass):
  
app/controllers/tickets_controller.rb:19:in `new'
Started GET "/tickets/new" for 127.0.0.1 at 2019-01-27 20:17:39 +0100
  [1m[35m (0.2ms)[0m  [1m[34mSELECT "schema_migrations"."version" FROM "schema_migrations" ORDER BY "schema_migrations"."version" ASC[0m
  ↳ /var/lib/gems/2.5.0/gems/activerecord-5.2.2/lib/active_record/log_subscriber.rb:98
Processing by TicketsController#new as HTML
  [1m[36mUser Load (0.1ms)[0m  [1m[34mSELECT  "users".* FROM "users" WHERE "users"."id" = ? ORDER BY "users"."id" ASC LIMIT ?[0m  [["id", 1], ["LIMIT", 1]]
  ↳ /var/lib/gems/2.5.0/gems/activerecord-5.2.2/lib/active_record/log_subscriber.rb:98
Completed 500 Internal Server Error in 20ms (ActiveRecord: 0.6ms)


  
NoMethodError (undefined method `id' for :correct_user:Symbol):
  
app/controllers/tickets_controller.rb:19:in `new'
Started GET "/tickets/new" for 127.0.0.1 at 2019-01-27 20:18:21 +0100
Processing by TicketsController#new as HTML
  [1m[36mUser Load (0.2ms)[0m  [1m[34mSELECT  "users".* FROM "users" WHERE "users"."id" = ? ORDER BY "users"."id" ASC LIMIT ?[0m  [["id", 1], ["LIMIT", 1]]
  ↳ /var/lib/gems/2.5.0/gems/activerecord-5.2.2/lib/active_record/log_subscriber.rb:98
Completed 500 Internal Server Error in 11ms (ActiveRecord: 0.7ms)


  
NoMethodError (undefined method `id' for :current_user:Symbol):
  
app/controllers/tickets_controller.rb:19:in `new'
Started GET "/tickets/new" for 127.0.0.1 at 2019-01-27 20:18:45 +0100
Processing by TicketsController#new as HTML
  [1m[36mUser Load (0.1ms)[0m  [1m[34mSELECT  "users".* FROM "users" WHERE "users"."id" = ? ORDER BY "users"."id" ASC LIMIT ?[0m  [["id", 1], ["LIMIT", 1]]
  ↳ /var/lib/gems/2.5.0/gems/activerecord-5.2.2/lib/active_record/log_subscriber.rb:98
  Rendering tickets/new.html.erb within layouts/application
  Rendered tickets/_form.html.erb (6.0ms)
  [1m[36mEvent Load (0.1ms)[0m  [1m[34mSELECT "events".* FROM "events"[0m
  ↳ app/views/events/_showall.html.erb:17
  Rendered events/_showall.html.erb (5.9ms)
  Rendered tickets/new.html.erb within layouts/application (17.4ms)
Completed 200 OK in 185ms (Views: 167.9ms | ActiveRecord: 1.5ms)


Started POST "/tickets" for 127.0.0.1 at 2019-01-27 20:18:59 +0100
Processing by TicketsController#create as HTML
  Parameters: {"utf8"=>"✓", "authenticity_token"=>"+/ZZAvMh3nznra0n0FV8vq7p04JFE4kaVjLQk/HVCgQLfqNrGHWFo0eYN2W5fYCTikW/paZeF8oayD7TLMLPgw==", "ticket"=>{"name"=>"Marcin", "address"=>"Barbary 12 m 184", "price"=>"100", "email_address"=>"basistamarcin@gmail.com", "phone"=>"508739376", "seat_id_seq"=>"11", "event_id"=>""}, "commit"=>"Create Ticket"}
  [1m[36mUser Load (0.2ms)[0m  [1m[34mSELECT  "users".* FROM "users" WHERE "users"."id" = ? ORDER BY "users"."id" ASC LIMIT ?[0m  [["id", 1], ["LIMIT", 1]]
  ↳ /var/lib/gems/2.5.0/gems/activerecord-5.2.2/lib/active_record/log_subscriber.rb:98
  [1m[35m (0.1ms)[0m  [1m[36mbegin transaction[0m
  ↳ app/controllers/tickets_controller.rb:32
  [1m[35m (0.1ms)[0m  [1m[31mrollback transaction[0m
  ↳ app/controllers/tickets_controller.rb:32
Completed 500 Internal Server Error in 13ms (ActiveRecord: 0.3ms)


  
NoMethodError (undefined method `price_low' for nil:NilClass):
  
app/models/ticket.rb:11:in `valid_price'
app/controllers/tickets_controller.rb:32:in `block in create'
app/controllers/tickets_controller.rb:31:in `create'
Started POST "/tickets" for 127.0.0.1 at 2019-01-27 20:19:12 +0100
Processing by TicketsController#create as HTML
  Parameters: {"utf8"=>"✓", "authenticity_token"=>"+/ZZAvMh3nznra0n0FV8vq7p04JFE4kaVjLQk/HVCgQLfqNrGHWFo0eYN2W5fYCTikW/paZeF8oayD7TLMLPgw==", "ticket"=>{"name"=>"Marcin", "address"=>"Barbary 12 m 184", "price"=>"100", "email_address"=>"basistamarcin@gmail.com", "phone"=>"508739376", "seat_id_seq"=>"11", "event_id"=>"1"}, "commit"=>"Create Ticket"}
  [1m[36mUser Load (0.2ms)[0m  [1m[34mSELECT  "users".* FROM "users" WHERE "users"."id" = ? ORDER BY "users"."id" ASC LIMIT ?[0m  [["id", 1], ["LIMIT", 1]]
  ↳ /var/lib/gems/2.5.0/gems/activerecord-5.2.2/lib/active_record/log_subscriber.rb:98
  [1m[35m (0.1ms)[0m  [1m[36mbegin transaction[0m
  ↳ app/controllers/tickets_controller.rb:32
  [1m[36mEvent Load (0.2ms)[0m  [1m[34mSELECT  "events".* FROM "events" WHERE "events"."id" = ? LIMIT ?[0m  [["id", 1], ["LIMIT", 1]]
  ↳ app/controllers/tickets_controller.rb:32
  [1m[35m (0.0ms)[0m  [1m[31mrollback transaction[0m
  ↳ app/controllers/tickets_controller.rb:32
  Rendering tickets/new.html.erb within layouts/application
  Rendered tickets/_form.html.erb (4.0ms)
  [1m[36mEvent Load (0.2ms)[0m  [1m[34mSELECT "events".* FROM "events"[0m
  ↳ app/views/events/_showall.html.erb:17
  Rendered events/_showall.html.erb (1.3ms)
  Rendered tickets/new.html.erb within layouts/application (6.9ms)
Completed 200 OK in 42ms (Views: 36.4ms | ActiveRecord: 0.6ms)


Started GET "/tickets" for 127.0.0.1 at 2019-01-27 20:19:53 +0100
Processing by TicketsController#index as HTML
  Rendering tickets/index.html.erb within layouts/application
  [1m[36mTicket Load (0.1ms)[0m  [1m[34mSELECT "tickets".* FROM "tickets"[0m
  ↳ app/views/tickets/_showall.html.erb:17
  Rendered tickets/_showall.html.erb (1.3ms)
  Rendered tickets/index.html.erb within layouts/application (2.1ms)
  [1m[36mUser Load (0.1ms)[0m  [1m[34mSELECT  "users".* FROM "users" WHERE "users"."id" = ? ORDER BY "users"."id" ASC LIMIT ?[0m  [["id", 1], ["LIMIT", 1]]
  ↳ app/views/layouts/application.html.erb:15
Completed 200 OK in 40ms (Views: 37.0ms | ActiveRecord: 0.9ms)


Started GET "/tickets/new" for 127.0.0.1 at 2019-01-27 20:19:55 +0100
Processing by TicketsController#new as HTML
  [1m[36mUser Load (0.3ms)[0m  [1m[34mSELECT  "users".* FROM "users" WHERE "users"."id" = ? ORDER BY "users"."id" ASC LIMIT ?[0m  [["id", 1], ["LIMIT", 1]]
  ↳ /var/lib/gems/2.5.0/gems/activerecord-5.2.2/lib/active_record/log_subscriber.rb:98
  Rendering tickets/new.html.erb within layouts/application
  Rendered tickets/_form.html.erb (3.3ms)
  [1m[36mEvent Load (0.1ms)[0m  [1m[34mSELECT "events".* FROM "events"[0m
  ↳ app/views/events/_showall.html.erb:17
  Rendered events/_showall.html.erb (7.1ms)
  Rendered tickets/new.html.erb within layouts/application (14.3ms)
Completed 200 OK in 69ms (Views: 54.2ms | ActiveRecord: 1.0ms)


Started GET "/tickets/new" for 127.0.0.1 at 2019-01-27 20:20:36 +0100
Processing by TicketsController#new as HTML
  [1m[36mUser Load (0.1ms)[0m  [1m[34mSELECT  "users".* FROM "users" WHERE "users"."id" = ? ORDER BY "users"."id" ASC LIMIT ?[0m  [["id", 1], ["LIMIT", 1]]
  ↳ /var/lib/gems/2.5.0/gems/activerecord-5.2.2/lib/active_record/log_subscriber.rb:98
  Rendering tickets/new.html.erb within layouts/application
  Rendered tickets/_form.html.erb (2.7ms)
  [1m[36mEvent Load (0.1ms)[0m  [1m[34mSELECT "events".* FROM "events"[0m
  ↳ app/views/events/_showall.html.erb:17
  Rendered events/_showall.html.erb (5.7ms)
  Rendered tickets/new.html.erb within layouts/application (11.1ms)
Completed 200 OK in 54ms (Views: 38.2ms | ActiveRecord: 1.5ms)


Started POST "/tickets" for 127.0.0.1 at 2019-01-27 20:20:43 +0100
Processing by TicketsController#create as HTML
  Parameters: {"utf8"=>"✓", "authenticity_token"=>"YvKSt6l1nJUXcF1q92T7BtwTmmDqs/15FRozmVnDkN6SemjeQiHHSrdFxyieTAcr+L/2Rwn+Y6lZ4N3ZhNRVWQ==", "ticket"=>{"name"=>"Marcin", "address"=>"Barbary 12 m 184", "price"=>"100", "email_address"=>"basistamarcin@gmail.com", "phone"=>"508739376", "seat_id_seq"=>"1", "event_id"=>"1"}, "commit"=>"Create Ticket"}
  [1m[36mUser Load (0.2ms)[0m  [1m[34mSELECT  "users".* FROM "users" WHERE "users"."id" = ? ORDER BY "users"."id" ASC LIMIT ?[0m  [["id", 1], ["LIMIT", 1]]
  ↳ /var/lib/gems/2.5.0/gems/activerecord-5.2.2/lib/active_record/log_subscriber.rb:98
  [1m[35m (0.1ms)[0m  [1m[36mbegin transaction[0m
  ↳ app/controllers/tickets_controller.rb:33
  [1m[36mEvent Load (0.3ms)[0m  [1m[34mSELECT  "events".* FROM "events" WHERE "events"."id" = ? LIMIT ?[0m  [["id", 1], ["LIMIT", 1]]
  ↳ app/controllers/tickets_controller.rb:33
  [1m[36mUser Load (0.2ms)[0m  [1m[34mSELECT  "users".* FROM "users" WHERE "users"."id" = ? LIMIT ?[0m  [["id", 1], ["LIMIT", 1]]
  ↳ app/controllers/tickets_controller.rb:33
  [1m[36mTicket Create (0.3ms)[0m  [1m[32mINSERT INTO "tickets" ("name", "address", "price", "email_address", "seat_id_seq", "created_at", "updated_at", "phone", "event_id", "user_id") VALUES (?, ?, ?, ?, ?, ?, ?, ?, ?, ?)[0m  [["name", "Marcin"], ["address", "Barbary 12 m 184"], ["price", 100.0], ["email_address", "basistamarcin@gmail.com"], ["seat_id_seq", "1"], ["created_at", "2019-01-27 19:20:43.087046"], ["updated_at", "2019-01-27 19:20:43.087046"], ["phone", "508739376"], ["event_id", 1], ["user_id", 1]]
  ↳ app/controllers/tickets_controller.rb:33
  [1m[35m (6.3ms)[0m  [1m[36mcommit transaction[0m
  ↳ app/controllers/tickets_controller.rb:33
Redirected to http://localhost:3000/tickets/1
Completed 302 Found in 19ms (ActiveRecord: 7.4ms)


Started GET "/tickets/1" for 127.0.0.1 at 2019-01-27 20:20:43 +0100
Processing by TicketsController#show as HTML
  Parameters: {"id"=>"1"}
  [1m[36mTicket Load (0.2ms)[0m  [1m[34mSELECT  "tickets".* FROM "tickets" WHERE "tickets"."id" = ? LIMIT ?[0m  [["id", 1], ["LIMIT", 1]]
  ↳ app/controllers/tickets_controller.rb:70
  Rendering tickets/show.html.erb within layouts/application
  [1m[36mUser Load (0.2ms)[0m  [1m[34mSELECT  "users".* FROM "users" WHERE "users"."id" = ? LIMIT ?[0m  [["id", 1], ["LIMIT", 1]]
  ↳ app/views/tickets/show.html.erb:33
  [1m[36mUser Load (0.2ms)[0m  [1m[34mSELECT  "users".* FROM "users" WHERE "users"."id" = ? ORDER BY "users"."id" ASC LIMIT ?[0m  [["id", 1], ["LIMIT", 1]]
  ↳ app/views/tickets/show.html.erb:33
  Rendered tickets/show.html.erb within layouts/application (3.4ms)
Completed 200 OK in 32ms (Views: 30.1ms | ActiveRecord: 0.6ms)


Started GET "/tickets" for 127.0.0.1 at 2019-01-27 20:20:44 +0100
Processing by TicketsController#index as HTML
  Rendering tickets/index.html.erb within layouts/application
  [1m[36mTicket Load (0.2ms)[0m  [1m[34mSELECT "tickets".* FROM "tickets"[0m
  ↳ app/views/tickets/_showall.html.erb:17
  [1m[36mUser Load (0.1ms)[0m  [1m[34mSELECT  "users".* FROM "users" WHERE "users"."id" = ? LIMIT ?[0m  [["id", 1], ["LIMIT", 1]]
  ↳ app/views/tickets/_showall.html.erb:26
  [1m[36mUser Load (0.2ms)[0m  [1m[34mSELECT  "users".* FROM "users" WHERE "users"."id" = ? ORDER BY "users"."id" ASC LIMIT ?[0m  [["id", 1], ["LIMIT", 1]]
  ↳ app/views/tickets/_showall.html.erb:26
  Rendered tickets/_showall.html.erb (4.0ms)
  Rendered tickets/index.html.erb within layouts/application (5.2ms)
Completed 200 OK in 45ms (Views: 43.6ms | ActiveRecord: 0.5ms)


Started GET "/tickets/new" for 127.0.0.1 at 2019-01-27 20:20:48 +0100
Processing by TicketsController#new as HTML
  [1m[36mUser Load (0.3ms)[0m  [1m[34mSELECT  "users".* FROM "users" WHERE "users"."id" = ? ORDER BY "users"."id" ASC LIMIT ?[0m  [["id", 1], ["LIMIT", 1]]
  ↳ /var/lib/gems/2.5.0/gems/activerecord-5.2.2/lib/active_record/log_subscriber.rb:98
  Rendering tickets/new.html.erb within layouts/application
  Rendered tickets/_form.html.erb (3.4ms)
  [1m[36mEvent Load (0.2ms)[0m  [1m[34mSELECT "events".* FROM "events"[0m
  ↳ app/views/events/_showall.html.erb:17
  Rendered events/_showall.html.erb (1.6ms)
  Rendered tickets/new.html.erb within layouts/application (6.7ms)
Completed 200 OK in 47ms (Views: 44.2ms | ActiveRecord: 0.4ms)


